2019-03-15 17:13:34,232 INFO  [Log] Browser is specified 
2019-03-15 17:13:34,232 INFO  [Log] Browser launched 
2019-03-15 17:13:39,992 INFO  [Log] Browser window is maximized 
2019-03-15 17:13:42,880 INFO  [Log] Launched the application under test 
2019-03-15 17:13:43,699 INFO  [Log] **************************************************************************************** 
2019-03-15 17:13:43,699 INFO  [Log] **************************************************************************************** 
2019-03-15 17:13:43,699 INFO  [Log] $$$$$$$$$$$$$$$$$$$$$                 Bank Login Functionality       $$$$$$$$$$$$$$$$$$$$$$$$$ 
2019-03-15 17:13:43,699 INFO  [Log] **************************************************************************************** 
2019-03-15 17:13:43,699 INFO  [Log] **************************************************************************************** 
2019-03-15 17:13:43,699 INFO  [Log] Calling the login function 
2019-03-15 17:13:43,762 INFO  [Log] Page is loaded. Login Button found. Proceeding further... 
2019-03-15 17:13:43,912 INFO  [Log] Username textbox found and the username is entered as :mngr182546 
2019-03-15 17:13:44,029 INFO  [Log] Password textbox found and the password is entered 
2019-03-15 17:13:44,380 INFO  [Log] Screenshot is captured after entering the username and password 
2019-03-15 17:13:45,370 INFO  [Log] Login button is found and clicked 
2019-03-15 17:13:55,495 INFO  [Log] Login is successful 
2019-03-15 17:13:55,894 INFO  [Log] Screenshot is captured after logging in.. 
2019-03-15 17:13:55,903 INFO  [Log] Calling the Add customer function 
2019-03-15 17:13:55,903 INFO  [Log] User is logged in.. Adding a customer... 
2019-03-15 17:13:56,788 INFO  [Log] Add new customer link is found and clicked 
2019-03-15 17:13:56,815 INFO  [Log] System redirected to the add new customer page 
2019-03-15 17:13:56,852 INFO  [Log] Entering the customer details 
2019-03-15 17:13:56,967 INFO  [Log] Customer name textbox is found and customer name is entered 
2019-03-15 17:13:57,040 INFO  [Log] Male Radio button is found and checked 
2019-03-15 17:13:57,159 INFO  [Log] DOB element is found and the data is entered 
2019-03-15 17:13:57,307 INFO  [Log] Address text box is found and the address is entered 
2019-03-15 17:13:57,402 INFO  [Log] City text box is found and the details are entered 
2019-03-15 17:13:57,492 INFO  [Log] State text box is found and the details are entered 
2019-03-15 17:13:57,579 INFO  [Log] Pin NO text box is found and the details are entered 
2019-03-15 17:13:57,687 INFO  [Log] Phone No text box is found and the details are entered 
2019-03-15 17:13:57,875 INFO  [Log] Email text box is found and the details are entered 
2019-03-15 17:13:57,976 INFO  [Log] Password text box is found and the details are entered 
2019-03-15 17:13:58,304 INFO  [Log] Screenshot captured after entering the customer details 
2019-03-15 17:13:58,702 INFO  [Log] Submit button found and clicked 
2019-03-15 17:13:58,706 WARN  [Log] Browser alert found.. please recheck the customer details and enter it again 
2019-03-15 17:13:58,717 INFO  [Log] Writing the customer ID back to the excel file 
2019-03-15 17:13:58,899 INFO  [Log] Calling the add account function 
2019-03-15 17:13:58,899 INFO  [Log] Writing the account no to the excel file 
2019-03-15 17:13:58,959 INFO  [Log] Calling the logout function 
2019-03-15 17:13:58,959 WARN  [Log] Logout unsuccessful.. user is not logged in... 
2019-03-15 17:13:59,775 INFO  [Log] XXXXXXXXXXXXXXXXXXXXXXX             -E---N---D-             XXXXXXXXXXXXXXXXXXXXXX 
2019-03-15 17:13:59,775 INFO  [Log] X 
2019-03-15 17:13:59,775 INFO  [Log] X 
2019-03-15 17:13:59,775 INFO  [Log] X 
2019-03-15 17:13:59,775 INFO  [Log] X 
2019-03-15 17:18:20,504 INFO  [Log] Browser is specified 
2019-03-15 17:18:20,519 INFO  [Log] Browser launched 
2019-03-15 17:18:25,616 INFO  [Log] Browser window is maximized 
2019-03-15 17:18:31,337 INFO  [Log] Launched the application under test 
2019-03-15 17:18:32,166 INFO  [Log] **************************************************************************************** 
2019-03-15 17:18:32,166 INFO  [Log] **************************************************************************************** 
2019-03-15 17:18:32,166 INFO  [Log] $$$$$$$$$$$$$$$$$$$$$                 Bank Login Functionality       $$$$$$$$$$$$$$$$$$$$$$$$$ 
2019-03-15 17:18:32,166 INFO  [Log] **************************************************************************************** 
2019-03-15 17:18:32,181 INFO  [Log] **************************************************************************************** 
2019-03-15 17:18:32,181 INFO  [Log] Calling the login function 
2019-03-15 17:18:32,228 INFO  [Log] Page is loaded. Login Button found. Proceeding further... 
2019-03-15 17:18:32,394 INFO  [Log] Username textbox found and the username is entered as :mngr182546 
2019-03-15 17:18:32,502 INFO  [Log] Password textbox found and the password is entered 
2019-03-15 17:18:32,849 INFO  [Log] Screenshot is captured after entering the username and password 
2019-03-15 17:18:34,089 INFO  [Log] Login button is found and clicked 
2019-03-15 17:18:44,216 INFO  [Log] Login is successful 
2019-03-15 17:18:44,611 INFO  [Log] Screenshot is captured after logging in.. 
2019-03-15 17:18:44,611 INFO  [Log] XXXXXXXXXXXXXXXXXXXXXXX             -E---N---D-             XXXXXXXXXXXXXXXXXXXXXX 
2019-03-15 17:18:44,611 INFO  [Log] X 
2019-03-15 17:18:44,611 INFO  [Log] X 
2019-03-15 17:18:44,611 INFO  [Log] X 
2019-03-15 17:18:44,611 INFO  [Log] X 
2019-03-15 17:18:44,619 INFO  [Log] **************************************************************************************** 
2019-03-15 17:18:44,620 INFO  [Log] **************************************************************************************** 
2019-03-15 17:18:44,620 INFO  [Log] $$$$$$$$$$$$$$$$$$$$$                 Add Customer Functionality       $$$$$$$$$$$$$$$$$$$$$$$$$ 
2019-03-15 17:18:44,620 INFO  [Log] **************************************************************************************** 
2019-03-15 17:18:44,620 INFO  [Log] **************************************************************************************** 
2019-03-15 17:18:44,620 INFO  [Log] Calling the Add customer function 
2019-03-15 17:18:44,620 INFO  [Log] User is logged in.. Adding a customer... 
2019-03-15 17:18:45,499 INFO  [Log] Add new customer link is found and clicked 
2019-03-15 17:18:45,530 INFO  [Log] System redirected to the add new customer page 
2019-03-15 17:18:45,565 INFO  [Log] Entering the customer details 
2019-03-15 17:18:45,677 INFO  [Log] Customer name textbox is found and customer name is entered 
2019-03-15 17:18:45,745 INFO  [Log] Male Radio button is found and checked 
2019-03-15 17:18:45,879 INFO  [Log] DOB element is found and the data is entered 
2019-03-15 17:18:46,026 INFO  [Log] Address text box is found and the address is entered 
2019-03-15 17:18:46,119 INFO  [Log] City text box is found and the details are entered 
2019-03-15 17:18:46,215 INFO  [Log] State text box is found and the details are entered 
2019-03-15 17:18:46,299 INFO  [Log] Pin NO text box is found and the details are entered 
2019-03-15 17:18:46,400 INFO  [Log] Phone No text box is found and the details are entered 
2019-03-15 17:18:46,587 INFO  [Log] Email text box is found and the details are entered 
2019-03-15 17:18:46,678 INFO  [Log] Password text box is found and the details are entered 
2019-03-15 17:18:46,990 INFO  [Log] Screenshot captured after entering the customer details 
2019-03-15 17:18:47,379 INFO  [Log] Submit button found and clicked 
2019-03-15 17:18:47,382 WARN  [Log] Browser alert found.. please recheck the customer details and enter it again 
2019-03-15 17:18:47,395 INFO  [Log] Writing the customer ID back to the excel file 
2019-03-15 17:18:47,601 INFO  [Log] XXXXXXXXXXXXXXXXXXXXXXX             -E---N---D-             XXXXXXXXXXXXXXXXXXXXXX 
2019-03-15 17:18:47,601 INFO  [Log] X 
2019-03-15 17:18:47,601 INFO  [Log] X 
2019-03-15 17:18:47,601 INFO  [Log] X 
2019-03-15 17:18:47,601 INFO  [Log] X 
2019-03-15 17:18:47,610 INFO  [Log] **************************************************************************************** 
2019-03-15 17:18:47,611 INFO  [Log] **************************************************************************************** 
2019-03-15 17:18:47,611 INFO  [Log] $$$$$$$$$$$$$$$$$$$$$                 Add Account Functionality       $$$$$$$$$$$$$$$$$$$$$$$$$ 
2019-03-15 17:18:47,611 INFO  [Log] **************************************************************************************** 
2019-03-15 17:18:47,611 INFO  [Log] **************************************************************************************** 
2019-03-15 17:18:47,611 INFO  [Log] Calling the add account function 
2019-03-15 17:18:47,611 INFO  [Log] Writing the account no to the excel file 
2019-03-15 17:18:47,661 INFO  [Log] XXXXXXXXXXXXXXXXXXXXXXX             -E---N---D-             XXXXXXXXXXXXXXXXXXXXXX 
2019-03-15 17:18:47,661 INFO  [Log] X 
2019-03-15 17:18:47,661 INFO  [Log] X 
2019-03-15 17:18:47,661 INFO  [Log] X 
2019-03-15 17:18:47,661 INFO  [Log] X 
2019-03-15 17:18:47,668 INFO  [Log] **************************************************************************************** 
2019-03-15 17:18:47,669 INFO  [Log] **************************************************************************************** 
2019-03-15 17:18:47,669 INFO  [Log] $$$$$$$$$$$$$$$$$$$$$                 Logout Functionality       $$$$$$$$$$$$$$$$$$$$$$$$$ 
2019-03-15 17:18:47,670 INFO  [Log] **************************************************************************************** 
2019-03-15 17:18:47,670 INFO  [Log] **************************************************************************************** 
2019-03-15 17:18:47,670 INFO  [Log] Calling the logout function 
2019-03-15 17:18:47,670 WARN  [Log] Logout unsuccessful.. user is not logged in... 
2019-03-15 17:18:47,670 INFO  [Log] XXXXXXXXXXXXXXXXXXXXXXX             -E---N---D-             XXXXXXXXXXXXXXXXXXXXXX 
2019-03-15 17:18:47,670 INFO  [Log] X 
2019-03-15 17:18:47,670 INFO  [Log] X 
2019-03-15 17:18:47,670 INFO  [Log] X 
2019-03-15 17:18:47,670 INFO  [Log] X 
2019-03-15 17:18:48,505 INFO  [Log] XXXXXXXXXXXXXXXXXXXXXXX             -E---N---D-             XXXXXXXXXXXXXXXXXXXXXX 
2019-03-15 17:18:48,505 INFO  [Log] X 
2019-03-15 17:18:48,505 INFO  [Log] X 
2019-03-15 17:18:48,505 INFO  [Log] X 
2019-03-15 17:18:48,505 INFO  [Log] X 
2019-03-15 17:20:09,516 INFO  [Log] Browser is specified 
2019-03-15 17:20:09,516 INFO  [Log] Browser launched 
2019-03-15 17:20:15,237 INFO  [Log] Browser window is maximized 
2019-03-15 17:20:20,013 INFO  [Log] Launched the application under test 
2019-03-15 17:20:21,040 INFO  [Log] **************************************************************************************** 
2019-03-15 17:20:21,040 INFO  [Log] **************************************************************************************** 
2019-03-15 17:20:21,040 INFO  [Log] $$$$$$$$$$$$$$$$$$$$$                 Bank Login Functionality       $$$$$$$$$$$$$$$$$$$$$$$$$ 
2019-03-15 17:20:21,040 INFO  [Log] **************************************************************************************** 
2019-03-15 17:20:21,040 INFO  [Log] **************************************************************************************** 
2019-03-15 17:20:21,040 INFO  [Log] Calling the login function 
2019-03-15 17:20:21,119 INFO  [Log] Page is loaded. Login Button found. Proceeding further... 
2019-03-15 17:20:21,302 INFO  [Log] Username textbox found and the username is entered as :mngr182546 
2019-03-15 17:20:21,450 INFO  [Log] Password textbox found and the password is entered 
2019-03-15 17:20:21,800 INFO  [Log] Screenshot is captured after entering the username and password 
2019-03-15 17:20:23,301 INFO  [Log] Login button is found and clicked 
2019-03-15 17:20:33,433 INFO  [Log] Login is successful 
2019-03-15 17:20:33,859 INFO  [Log] Screenshot is captured after logging in.. 
2019-03-15 17:20:33,859 INFO  [Log] XXXXXXXXXXXXXXXXXXXXXXX             -E---N---D-             XXXXXXXXXXXXXXXXXXXXXX 
2019-03-15 17:20:33,859 INFO  [Log] X 
2019-03-15 17:20:33,859 INFO  [Log] X 
2019-03-15 17:20:33,859 INFO  [Log] X 
2019-03-15 17:20:33,859 INFO  [Log] X 
2019-03-15 17:20:33,869 INFO  [Log] **************************************************************************************** 
2019-03-15 17:20:33,869 INFO  [Log] **************************************************************************************** 
2019-03-15 17:20:33,869 INFO  [Log] $$$$$$$$$$$$$$$$$$$$$                 Add Customer Functionality       $$$$$$$$$$$$$$$$$$$$$$$$$ 
2019-03-15 17:20:33,869 INFO  [Log] **************************************************************************************** 
2019-03-15 17:20:33,869 INFO  [Log] **************************************************************************************** 
2019-03-15 17:20:33,869 INFO  [Log] Calling the Add customer function 
2019-03-15 17:20:33,869 INFO  [Log] User is logged in.. Adding a customer... 
2019-03-15 17:20:34,765 INFO  [Log] Add new customer link is found and clicked 
2019-03-15 17:20:34,797 INFO  [Log] System redirected to the add new customer page 
2019-03-15 17:20:34,833 INFO  [Log] Entering the customer details 
2019-03-15 17:20:34,947 INFO  [Log] Customer name textbox is found and customer name is entered 
2019-03-15 17:20:35,020 INFO  [Log] Male Radio button is found and checked 
2019-03-15 17:20:35,139 INFO  [Log] DOB element is found and the data is entered 
2019-03-15 17:20:35,285 INFO  [Log] Address text box is found and the address is entered 
2019-03-15 17:20:35,374 INFO  [Log] City text box is found and the details are entered 
2019-03-15 17:20:35,473 INFO  [Log] State text box is found and the details are entered 
2019-03-15 17:20:35,572 INFO  [Log] Pin NO text box is found and the details are entered 
2019-03-15 17:20:35,680 INFO  [Log] Phone No text box is found and the details are entered 
2019-03-15 17:20:35,832 INFO  [Log] Email text box is found and the details are entered 
2019-03-15 17:20:35,917 INFO  [Log] Password text box is found and the details are entered 
2019-03-15 17:20:36,196 INFO  [Log] Screenshot captured after entering the customer details 
2019-03-15 17:20:36,952 INFO  [Log] Submit button found and clicked 
2019-03-15 17:20:36,955 WARN  [Log] Browser alert found.. please recheck the customer details and enter it again 
2019-03-15 17:20:36,969 INFO  [Log] Writing the customer ID back to the excel file 
2019-03-15 17:20:37,155 INFO  [Log] XXXXXXXXXXXXXXXXXXXXXXX             -E---N---D-             XXXXXXXXXXXXXXXXXXXXXX 
2019-03-15 17:20:37,155 INFO  [Log] X 
2019-03-15 17:20:37,155 INFO  [Log] X 
2019-03-15 17:20:37,155 INFO  [Log] X 
2019-03-15 17:20:37,155 INFO  [Log] X 
2019-03-15 17:20:37,163 INFO  [Log] **************************************************************************************** 
2019-03-15 17:20:37,163 INFO  [Log] **************************************************************************************** 
2019-03-15 17:20:37,163 INFO  [Log] $$$$$$$$$$$$$$$$$$$$$                 Add Account Functionality       $$$$$$$$$$$$$$$$$$$$$$$$$ 
2019-03-15 17:20:37,163 INFO  [Log] **************************************************************************************** 
2019-03-15 17:20:37,163 INFO  [Log] **************************************************************************************** 
2019-03-15 17:20:37,163 INFO  [Log] Calling the add account function 
2019-03-15 17:20:37,163 INFO  [Log] Writing the account no to the excel file 
2019-03-15 17:20:37,203 INFO  [Log] XXXXXXXXXXXXXXXXXXXXXXX             -E---N---D-             XXXXXXXXXXXXXXXXXXXXXX 
2019-03-15 17:20:37,203 INFO  [Log] X 
2019-03-15 17:20:37,203 INFO  [Log] X 
2019-03-15 17:20:37,203 INFO  [Log] X 
2019-03-15 17:20:37,203 INFO  [Log] X 
2019-03-15 17:20:37,206 INFO  [Log] **************************************************************************************** 
2019-03-15 17:20:37,206 INFO  [Log] **************************************************************************************** 
2019-03-15 17:20:37,206 INFO  [Log] $$$$$$$$$$$$$$$$$$$$$                 Logout Functionality       $$$$$$$$$$$$$$$$$$$$$$$$$ 
2019-03-15 17:20:37,206 INFO  [Log] **************************************************************************************** 
2019-03-15 17:20:37,206 INFO  [Log] **************************************************************************************** 
2019-03-15 17:20:37,206 INFO  [Log] Calling the logout function 
2019-03-15 17:20:37,206 INFO  [Log] User is logged in so logout is possible ...  
2019-03-15 17:20:37,584 INFO  [Log] Screenshot captured before logging out 
2019-03-15 17:20:38,271 INFO  [Log] Alert after logout is accepted 
2019-03-15 17:20:38,271 INFO  [Log] XXXXXXXXXXXXXXXXXXXXXXX             -E---N---D-             XXXXXXXXXXXXXXXXXXXXXX 
2019-03-15 17:20:38,272 INFO  [Log] X 
2019-03-15 17:20:38,272 INFO  [Log] X 
2019-03-15 17:20:38,272 INFO  [Log] X 
2019-03-15 17:20:38,272 INFO  [Log] X 
2019-03-15 17:20:39,073 INFO  [Log] XXXXXXXXXXXXXXXXXXXXXXX             -E---N---D-             XXXXXXXXXXXXXXXXXXXXXX 
2019-03-15 17:20:39,073 INFO  [Log] X 
2019-03-15 17:20:39,073 INFO  [Log] X 
2019-03-15 17:20:39,073 INFO  [Log] X 
2019-03-15 17:20:39,073 INFO  [Log] X 
2019-03-15 17:22:10,917 INFO  [Log] Browser is specified 
2019-03-15 17:22:10,917 INFO  [Log] Browser launched 
2019-03-15 17:22:16,080 INFO  [Log] Browser window is maximized 
2019-03-15 17:22:19,102 INFO  [Log] Launched the application under test 
2019-03-15 17:22:19,994 INFO  [Log] **************************************************************************************** 
2019-03-15 17:22:19,995 INFO  [Log] **************************************************************************************** 
2019-03-15 17:22:19,995 INFO  [Log] $$$$$$$$$$$$$$$$$$$$$                 Bank Login Functionality       $$$$$$$$$$$$$$$$$$$$$$$$$ 
2019-03-15 17:22:19,995 INFO  [Log] **************************************************************************************** 
2019-03-15 17:22:20,000 INFO  [Log] **************************************************************************************** 
2019-03-15 17:22:20,000 INFO  [Log] Calling the login function 
2019-03-15 17:22:20,055 INFO  [Log] Page is loaded. Login Button found. Proceeding further... 
2019-03-15 17:22:20,171 INFO  [Log] Username textbox found and the username is entered as :mngr182546 
2019-03-15 17:22:20,253 INFO  [Log] Password textbox found and the password is entered 
2019-03-15 17:22:28,597 INFO  [Log] Screenshot is captured after entering the username and password 
2019-03-15 17:22:30,309 INFO  [Log] Login button is found and clicked 
2019-03-15 17:22:40,426 INFO  [Log] Login is successful 
2019-03-15 17:22:40,855 INFO  [Log] Screenshot is captured after logging in.. 
2019-03-15 17:22:40,856 INFO  [Log] XXXXXXXXXXXXXXXXXXXXXXX             -E---N---D-             XXXXXXXXXXXXXXXXXXXXXX 
2019-03-15 17:22:40,856 INFO  [Log] X 
2019-03-15 17:22:40,856 INFO  [Log] X 
2019-03-15 17:22:40,856 INFO  [Log] X 
2019-03-15 17:22:40,856 INFO  [Log] X 
2019-03-15 17:22:40,864 INFO  [Log] **************************************************************************************** 
2019-03-15 17:22:40,864 INFO  [Log] **************************************************************************************** 
2019-03-15 17:22:40,864 INFO  [Log] $$$$$$$$$$$$$$$$$$$$$                 Add Customer Functionality       $$$$$$$$$$$$$$$$$$$$$$$$$ 
2019-03-15 17:22:40,864 INFO  [Log] **************************************************************************************** 
2019-03-15 17:22:40,864 INFO  [Log] **************************************************************************************** 
2019-03-15 17:22:40,864 INFO  [Log] Calling the Add customer function 
2019-03-15 17:22:40,864 INFO  [Log] User is logged in.. Adding a customer... 
2019-03-15 17:22:42,137 INFO  [Log] Add new customer link is found and clicked 
2019-03-15 17:22:42,167 INFO  [Log] System redirected to the add new customer page 
2019-03-15 17:22:42,204 INFO  [Log] Entering the customer details 
2019-03-15 17:22:42,304 INFO  [Log] Customer name textbox is found and customer name is entered 
2019-03-15 17:22:42,376 INFO  [Log] Male Radio button is found and checked 
2019-03-15 17:22:42,475 INFO  [Log] DOB element is found and the data is entered 
2019-03-15 17:22:42,633 INFO  [Log] Address text box is found and the address is entered 
2019-03-15 17:22:42,737 INFO  [Log] City text box is found and the details are entered 
2019-03-15 17:22:42,839 INFO  [Log] State text box is found and the details are entered 
2019-03-15 17:22:42,925 INFO  [Log] Pin NO text box is found and the details are entered 
2019-03-15 17:22:43,031 INFO  [Log] Phone No text box is found and the details are entered 
2019-03-15 17:22:43,218 INFO  [Log] Email text box is found and the details are entered 
2019-03-15 17:22:43,321 INFO  [Log] Password text box is found and the details are entered 
2019-03-15 17:22:43,645 INFO  [Log] Screenshot captured after entering the customer details 
2019-03-15 17:22:44,044 INFO  [Log] Submit button found and clicked 
2019-03-15 17:22:44,048 WARN  [Log] Browser alert found.. please recheck the customer details and enter it again 
2019-03-15 17:22:44,056 ERROR [Log] Email Address Already Exist !! 
2019-03-15 17:22:44,067 INFO  [Log] Writing the customer ID back to the excel file 
2019-03-15 17:22:44,284 INFO  [Log] XXXXXXXXXXXXXXXXXXXXXXX             -E---N---D-             XXXXXXXXXXXXXXXXXXXXXX 
2019-03-15 17:22:44,284 INFO  [Log] X 
2019-03-15 17:22:44,284 INFO  [Log] X 
2019-03-15 17:22:44,284 INFO  [Log] X 
2019-03-15 17:22:44,284 INFO  [Log] X 
2019-03-15 17:22:44,290 INFO  [Log] **************************************************************************************** 
2019-03-15 17:22:44,291 INFO  [Log] **************************************************************************************** 
2019-03-15 17:22:44,291 INFO  [Log] $$$$$$$$$$$$$$$$$$$$$                 Add Account Functionality       $$$$$$$$$$$$$$$$$$$$$$$$$ 
2019-03-15 17:22:44,291 INFO  [Log] **************************************************************************************** 
2019-03-15 17:22:44,291 INFO  [Log] **************************************************************************************** 
2019-03-15 17:22:44,292 INFO  [Log] Calling the add account function 
2019-03-15 17:22:44,292 INFO  [Log] Writing the account no to the excel file 
2019-03-15 17:22:44,335 INFO  [Log] XXXXXXXXXXXXXXXXXXXXXXX             -E---N---D-             XXXXXXXXXXXXXXXXXXXXXX 
2019-03-15 17:22:44,335 INFO  [Log] X 
2019-03-15 17:22:44,335 INFO  [Log] X 
2019-03-15 17:22:44,335 INFO  [Log] X 
2019-03-15 17:22:44,335 INFO  [Log] X 
2019-03-15 17:22:44,342 INFO  [Log] **************************************************************************************** 
2019-03-15 17:22:44,343 INFO  [Log] **************************************************************************************** 
2019-03-15 17:22:44,343 INFO  [Log] $$$$$$$$$$$$$$$$$$$$$                 Logout Functionality       $$$$$$$$$$$$$$$$$$$$$$$$$ 
2019-03-15 17:22:44,343 INFO  [Log] **************************************************************************************** 
2019-03-15 17:22:44,343 INFO  [Log] **************************************************************************************** 
2019-03-15 17:22:44,343 INFO  [Log] Calling the logout function 
2019-03-15 17:22:44,343 INFO  [Log] User is logged in so logout is possible ...  
2019-03-15 17:22:44,650 INFO  [Log] Screenshot captured before logging out 
2019-03-15 17:22:47,746 INFO  [Log] Alert after logout is accepted 
2019-03-15 17:22:47,746 INFO  [Log] XXXXXXXXXXXXXXXXXXXXXXX             -E---N---D-             XXXXXXXXXXXXXXXXXXXXXX 
2019-03-15 17:22:47,746 INFO  [Log] X 
2019-03-15 17:22:47,746 INFO  [Log] X 
2019-03-15 17:22:47,746 INFO  [Log] X 
2019-03-15 17:22:47,746 INFO  [Log] X 
2019-03-15 17:22:48,591 INFO  [Log] XXXXXXXXXXXXXXXXXXXXXXX             -E---N---D-             XXXXXXXXXXXXXXXXXXXXXX 
2019-03-15 17:22:48,591 INFO  [Log] X 
2019-03-15 17:22:48,591 INFO  [Log] X 
2019-03-15 17:22:48,591 INFO  [Log] X 
2019-03-15 17:22:48,591 INFO  [Log] X 
2019-03-18 16:02:45,598 INFO  [Log] Browser is specified 
2019-03-18 16:02:45,600 INFO  [Log] Browser launched 
2019-03-18 16:02:52,188 INFO  [Log] Browser window is maximized 
2019-03-18 16:02:54,912 INFO  [Log] Launched the application under test 
2019-03-18 16:02:56,150 INFO  [Log] **************************************************************************************** 
2019-03-18 16:02:56,151 INFO  [Log] **************************************************************************************** 
2019-03-18 16:02:56,151 INFO  [Log] $$$$$$$$$$$$$$$$$$$$$                 Bank Login Functionality       $$$$$$$$$$$$$$$$$$$$$$$$$ 
2019-03-18 16:02:56,151 INFO  [Log] **************************************************************************************** 
2019-03-18 16:02:56,151 INFO  [Log] **************************************************************************************** 
2019-03-18 16:02:56,151 INFO  [Log] Calling the login function 
2019-03-18 16:02:56,239 INFO  [Log] Page is loaded. Login Button found. Proceeding further... 
2019-03-18 16:02:56,456 INFO  [Log] Username textbox found and the username is entered as :mngr182546 
2019-03-18 16:02:56,614 INFO  [Log] Password textbox found and the password is entered 
2019-03-18 16:02:56,980 INFO  [Log] Screenshot is captured after entering the username and password 
2019-03-18 16:02:57,944 INFO  [Log] Login button is found and clicked 
2019-03-18 16:03:08,133 INFO  [Log] Login is successful 
2019-03-18 16:03:08,552 INFO  [Log] Screenshot is captured after logging in.. 
2019-03-18 16:03:08,552 INFO  [Log] XXXXXXXXXXXXXXXXXXXXXXX             -E---N---D-             XXXXXXXXXXXXXXXXXXXXXX 
2019-03-18 16:03:08,552 INFO  [Log] X 
2019-03-18 16:03:08,552 INFO  [Log] X 
2019-03-18 16:03:08,552 INFO  [Log] X 
2019-03-18 16:03:08,552 INFO  [Log] X 
2019-03-18 16:03:08,563 INFO  [Log] **************************************************************************************** 
2019-03-18 16:03:08,563 INFO  [Log] **************************************************************************************** 
2019-03-18 16:03:08,563 INFO  [Log] $$$$$$$$$$$$$$$$$$$$$                 Add Customer Functionality       $$$$$$$$$$$$$$$$$$$$$$$$$ 
2019-03-18 16:03:08,563 INFO  [Log] **************************************************************************************** 
2019-03-18 16:03:08,563 INFO  [Log] **************************************************************************************** 
2019-03-18 16:03:08,563 INFO  [Log] Calling the Add customer function 
2019-03-18 16:03:08,563 INFO  [Log] User is logged in.. Adding a customer... 
2019-03-18 16:03:09,456 INFO  [Log] Add new customer link is found and clicked 
2019-03-18 16:03:09,491 INFO  [Log] System redirected to the add new customer page 
2019-03-18 16:03:09,531 INFO  [Log] Entering the customer details 
2019-03-18 16:03:09,657 INFO  [Log] Customer name textbox is found and customer name is entered 
2019-03-18 16:03:09,734 INFO  [Log] Male Radio button is found and checked 
2019-03-18 16:03:09,890 INFO  [Log] DOB element is found and the data is entered 
2019-03-18 16:03:10,050 INFO  [Log] Address text box is found and the address is entered 
2019-03-18 16:03:10,169 INFO  [Log] City text box is found and the details are entered 
2019-03-18 16:03:10,292 INFO  [Log] State text box is found and the details are entered 
2019-03-18 16:03:10,391 INFO  [Log] Pin NO text box is found and the details are entered 
2019-03-18 16:03:10,502 INFO  [Log] Phone No text box is found and the details are entered 
2019-03-18 16:03:10,684 INFO  [Log] Email text box is found and the details are entered 
2019-03-18 16:03:10,780 INFO  [Log] Password text box is found and the details are entered 
2019-03-18 16:03:11,110 INFO  [Log] Screenshot captured after entering the customer details 
2019-03-18 16:03:12,238 INFO  [Log] Submit button found and clicked 
2019-03-18 16:03:22,518 INFO  [Log] Customer added successfully 
2019-03-18 16:03:22,799 INFO  [Log] Screenshot captured with the cust ID 
2019-03-18 16:03:23,676 INFO  [Log] Continue button found after adding the customer and clicked 
2019-03-18 16:03:23,676 INFO  [Log] Writing the customer ID back to the excel file 
2019-03-18 16:03:23,853 INFO  [Log] XXXXXXXXXXXXXXXXXXXXXXX             -E---N---D-             XXXXXXXXXXXXXXXXXXXXXX 
2019-03-18 16:03:23,853 INFO  [Log] X 
2019-03-18 16:03:23,853 INFO  [Log] X 
2019-03-18 16:03:23,853 INFO  [Log] X 
2019-03-18 16:03:23,853 INFO  [Log] X 
2019-03-18 16:03:23,856 INFO  [Log] **************************************************************************************** 
2019-03-18 16:03:23,856 INFO  [Log] **************************************************************************************** 
2019-03-18 16:03:23,856 INFO  [Log] $$$$$$$$$$$$$$$$$$$$$                 Add Customer Functionality       $$$$$$$$$$$$$$$$$$$$$$$$$ 
2019-03-18 16:03:23,856 INFO  [Log] **************************************************************************************** 
2019-03-18 16:03:23,857 INFO  [Log] **************************************************************************************** 
2019-03-18 16:03:23,857 INFO  [Log] Calling the Add customer function 
2019-03-18 16:03:23,857 INFO  [Log] User is logged in.. Adding a customer... 
2019-03-18 16:03:24,176 INFO  [Log] Add new customer link is found and clicked 
2019-03-18 16:03:24,198 INFO  [Log] System redirected to the add new customer page 
2019-03-18 16:03:24,235 INFO  [Log] Entering the customer details 
2019-03-18 16:03:24,366 INFO  [Log] Customer name textbox is found and customer name is entered 
2019-03-18 16:03:24,438 INFO  [Log] Female Radio button is found and checked 
2019-03-18 16:03:24,535 INFO  [Log] DOB element is found and the data is entered 
2019-03-18 16:03:24,670 INFO  [Log] Address text box is found and the address is entered 
2019-03-18 16:03:24,774 INFO  [Log] City text box is found and the details are entered 
2019-03-18 16:03:24,875 INFO  [Log] State text box is found and the details are entered 
2019-03-18 16:03:24,968 INFO  [Log] Pin NO text box is found and the details are entered 
2019-03-18 16:03:25,063 INFO  [Log] Phone No text box is found and the details are entered 
2019-03-18 16:03:25,237 INFO  [Log] Email text box is found and the details are entered 
2019-03-18 16:03:25,319 INFO  [Log] Password text box is found and the details are entered 
2019-03-18 16:03:25,595 INFO  [Log] Screenshot captured after entering the customer details 
2019-03-18 16:03:26,574 INFO  [Log] Submit button found and clicked 
2019-03-18 16:03:36,832 INFO  [Log] Customer added successfully 
2019-03-18 16:03:37,097 INFO  [Log] Screenshot captured with the cust ID 
2019-03-18 16:03:37,995 INFO  [Log] Continue button found after adding the customer and clicked 
2019-03-18 16:03:37,995 INFO  [Log] Writing the customer ID back to the excel file 
2019-03-18 16:03:38,046 INFO  [Log] XXXXXXXXXXXXXXXXXXXXXXX             -E---N---D-             XXXXXXXXXXXXXXXXXXXXXX 
2019-03-18 16:03:38,047 INFO  [Log] X 
2019-03-18 16:03:38,047 INFO  [Log] X 
2019-03-18 16:03:38,047 INFO  [Log] X 
2019-03-18 16:03:38,047 INFO  [Log] X 
2019-03-18 16:03:38,053 INFO  [Log] **************************************************************************************** 
2019-03-18 16:03:38,053 INFO  [Log] **************************************************************************************** 
2019-03-18 16:03:38,053 INFO  [Log] $$$$$$$$$$$$$$$$$$$$$                 Add Account Functionality       $$$$$$$$$$$$$$$$$$$$$$$$$ 
2019-03-18 16:03:38,053 INFO  [Log] **************************************************************************************** 
2019-03-18 16:03:38,053 INFO  [Log] **************************************************************************************** 
2019-03-18 16:03:38,053 INFO  [Log] Calling the add account function 
2019-03-18 16:03:38,053 INFO  [Log] Creating an account for the customer added 
2019-03-18 16:03:38,639 INFO  [Log] Clicking on the New Account link on the Bank Manager home page 
2019-03-18 16:03:38,736 INFO  [Log] Customer ID element is found and the details are entered 
2019-03-18 16:03:38,825 INFO  [Log] Acc type dropdown elementis found and a type is selected 
2019-03-18 16:03:38,897 INFO  [Log] Initial deposit element is found and the details are entered 
2019-03-18 16:03:39,839 INFO  [Log] Submit button is found and clicked 
2019-03-18 16:03:50,112 INFO  [Log] Customer Account created successfully 
2019-03-18 16:03:50,982 INFO  [Log] Clicking on the continue button after adding an account 
2019-03-18 16:03:50,982 INFO  [Log] Writing the account no to the excel file 
2019-03-18 16:03:51,023 INFO  [Log] XXXXXXXXXXXXXXXXXXXXXXX             -E---N---D-             XXXXXXXXXXXXXXXXXXXXXX 
2019-03-18 16:03:51,023 INFO  [Log] X 
2019-03-18 16:03:51,023 INFO  [Log] X 
2019-03-18 16:03:51,023 INFO  [Log] X 
2019-03-18 16:03:51,023 INFO  [Log] X 
2019-03-18 16:03:51,042 INFO  [Log] **************************************************************************************** 
2019-03-18 16:03:51,044 INFO  [Log] **************************************************************************************** 
2019-03-18 16:03:51,044 INFO  [Log] $$$$$$$$$$$$$$$$$$$$$                 Add Account Functionality       $$$$$$$$$$$$$$$$$$$$$$$$$ 
2019-03-18 16:03:51,044 INFO  [Log] **************************************************************************************** 
2019-03-18 16:03:51,044 INFO  [Log] **************************************************************************************** 
2019-03-18 16:03:51,044 INFO  [Log] Calling the add account function 
2019-03-18 16:03:51,044 INFO  [Log] Creating an account for the customer added 
2019-03-18 16:03:51,373 INFO  [Log] Clicking on the New Account link on the Bank Manager home page 
2019-03-18 16:03:51,463 INFO  [Log] Customer ID element is found and the details are entered 
2019-03-18 16:03:51,559 INFO  [Log] Acc type dropdown elementis found and a type is selected 
2019-03-18 16:03:51,658 INFO  [Log] Initial deposit element is found and the details are entered 
2019-03-18 16:03:52,587 INFO  [Log] Submit button is found and clicked 
2019-03-18 16:04:02,850 INFO  [Log] Customer Account created successfully 
2019-03-18 16:04:03,743 INFO  [Log] Clicking on the continue button after adding an account 
2019-03-18 16:04:03,743 INFO  [Log] Writing the account no to the excel file 
2019-03-18 16:04:03,780 INFO  [Log] XXXXXXXXXXXXXXXXXXXXXXX             -E---N---D-             XXXXXXXXXXXXXXXXXXXXXX 
2019-03-18 16:04:03,780 INFO  [Log] X 
2019-03-18 16:04:03,780 INFO  [Log] X 
2019-03-18 16:04:03,780 INFO  [Log] X 
2019-03-18 16:04:03,780 INFO  [Log] X 
2019-03-18 16:04:03,789 INFO  [Log] **************************************************************************************** 
2019-03-18 16:04:03,790 INFO  [Log] **************************************************************************************** 
2019-03-18 16:04:03,790 INFO  [Log] $$$$$$$$$$$$$$$$$$$$$                 Edit Customer Information Test Case       $$$$$$$$$$$$$$$$$$$$$$$$$ 
2019-03-18 16:04:03,790 INFO  [Log] **************************************************************************************** 
2019-03-18 16:04:03,790 INFO  [Log] **************************************************************************************** 
2019-03-18 16:04:03,790 INFO  [Log] Calling the Edit Customer Function 
2019-03-18 16:04:03,790 INFO  [Log] Manager is logged in .. Edit customer is possible 
2019-03-18 16:04:04,490 INFO  [Log] Edit Customer button is found and the details are entered 
2019-03-18 16:04:04,579 INFO  [Log] Customer ID test box is found and the details are entered 
2019-03-18 16:04:05,392 INFO  [Log] Submit Button is found and clicked 
2019-03-18 16:04:05,512 INFO  [Log] Changing the phone number... Phone number element is found and details are entered 
2019-03-18 16:04:06,793 INFO  [Log] Submit button is found and clicked 
2019-03-18 16:04:06,843 INFO  [Log] Customer details are updated successfully!!! 
2019-03-18 16:04:07,394 INFO  [Log] Continue button is found and clicked!!! 
2019-03-18 16:04:07,395 INFO  [Log] XXXXXXXXXXXXXXXXXXXXXXX             -E---N---D-             XXXXXXXXXXXXXXXXXXXXXX 
2019-03-18 16:04:07,395 INFO  [Log] X 
2019-03-18 16:04:07,395 INFO  [Log] X 
2019-03-18 16:04:07,395 INFO  [Log] X 
2019-03-18 16:04:07,395 INFO  [Log] X 
2019-03-18 16:04:07,397 INFO  [Log] **************************************************************************************** 
2019-03-18 16:04:07,397 INFO  [Log] **************************************************************************************** 
2019-03-18 16:04:07,397 INFO  [Log] $$$$$$$$$$$$$$$$$$$$$                 Edit Customer Information Test Case       $$$$$$$$$$$$$$$$$$$$$$$$$ 
2019-03-18 16:04:07,397 INFO  [Log] **************************************************************************************** 
2019-03-18 16:04:07,397 INFO  [Log] **************************************************************************************** 
2019-03-18 16:04:07,397 INFO  [Log] Calling the Edit Customer Function 
2019-03-18 16:04:07,397 INFO  [Log] Manager is logged in .. Edit customer is possible 
2019-03-18 16:04:07,766 INFO  [Log] Edit Customer button is found and the details are entered 
2019-03-18 16:04:07,852 INFO  [Log] Customer ID test box is found and the details are entered 
2019-03-18 16:04:09,436 INFO  [Log] Submit Button is found and clicked 
2019-03-18 16:04:09,539 INFO  [Log] Changing the phone number... Phone number element is found and details are entered 
2019-03-18 16:04:10,424 INFO  [Log] Submit button is found and clicked 
2019-03-18 16:04:10,452 INFO  [Log] Customer details are updated successfully!!! 
2019-03-18 16:04:11,008 INFO  [Log] Continue button is found and clicked!!! 
2019-03-18 16:04:11,008 INFO  [Log] XXXXXXXXXXXXXXXXXXXXXXX             -E---N---D-             XXXXXXXXXXXXXXXXXXXXXX 
2019-03-18 16:04:11,008 INFO  [Log] X 
2019-03-18 16:04:11,008 INFO  [Log] X 
2019-03-18 16:04:11,009 INFO  [Log] X 
2019-03-18 16:04:11,009 INFO  [Log] X 
2019-03-18 16:04:11,012 INFO  [Log] **************************************************************************************** 
2019-03-18 16:04:11,012 INFO  [Log] **************************************************************************************** 
2019-03-18 16:04:11,012 INFO  [Log] $$$$$$$$$$$$$$$$$$$$$                 Logout Functionality       $$$$$$$$$$$$$$$$$$$$$$$$$ 
2019-03-18 16:04:11,012 INFO  [Log] **************************************************************************************** 
2019-03-18 16:04:11,012 INFO  [Log] **************************************************************************************** 
2019-03-18 16:04:11,012 INFO  [Log] Calling the logout function 
2019-03-18 16:04:11,012 INFO  [Log] User is logged in so logout is possible ...  
2019-03-18 16:04:11,322 INFO  [Log] Screenshot captured before logging out 
2019-03-18 16:04:11,966 INFO  [Log] Alert after logout is accepted 
2019-03-18 16:04:11,966 INFO  [Log] XXXXXXXXXXXXXXXXXXXXXXX             -E---N---D-             XXXXXXXXXXXXXXXXXXXXXX 
2019-03-18 16:04:11,966 INFO  [Log] X 
2019-03-18 16:04:11,966 INFO  [Log] X 
2019-03-18 16:04:11,966 INFO  [Log] X 
2019-03-18 16:04:11,966 INFO  [Log] X 
2019-03-18 16:04:12,910 INFO  [Log] XXXXXXXXXXXXXXXXXXXXXXX             -E---N---D-             XXXXXXXXXXXXXXXXXXXXXX 
2019-03-18 16:04:12,910 INFO  [Log] X 
2019-03-18 16:04:12,910 INFO  [Log] X 
2019-03-18 16:04:12,910 INFO  [Log] X 
2019-03-18 16:04:12,910 INFO  [Log] X 
2019-03-18 16:05:01,440 INFO  [Log] Browser is specified 
2019-03-18 16:05:01,441 INFO  [Log] Browser launched 
2019-03-18 16:05:06,600 INFO  [Log] Browser window is maximized 
2019-03-18 16:05:26,497 INFO  [Log] Launched the application under test 
2019-03-18 16:05:27,345 INFO  [Log] **************************************************************************************** 
2019-03-18 16:05:27,345 INFO  [Log] **************************************************************************************** 
2019-03-18 16:05:27,345 INFO  [Log] $$$$$$$$$$$$$$$$$$$$$                 Bank Login Functionality       $$$$$$$$$$$$$$$$$$$$$$$$$ 
2019-03-18 16:05:27,346 INFO  [Log] **************************************************************************************** 
2019-03-18 16:05:27,354 INFO  [Log] **************************************************************************************** 
2019-03-18 16:05:27,354 INFO  [Log] Calling the login function 
2019-03-18 16:05:27,417 INFO  [Log] Page is loaded. Login Button found. Proceeding further... 
2019-03-18 16:05:27,589 INFO  [Log] Username textbox found and the username is entered as :mngr182546 
2019-03-18 16:05:27,696 INFO  [Log] Password textbox found and the password is entered 
2019-03-18 16:05:28,028 INFO  [Log] Screenshot is captured after entering the username and password 
2019-03-18 16:05:30,539 INFO  [Log] Login button is found and clicked 
2019-03-18 16:05:40,660 INFO  [Log] Login is successful 
2019-03-18 16:05:41,087 INFO  [Log] Screenshot is captured after logging in.. 
2019-03-18 16:05:41,087 INFO  [Log] XXXXXXXXXXXXXXXXXXXXXXX             -E---N---D-             XXXXXXXXXXXXXXXXXXXXXX 
2019-03-18 16:05:41,087 INFO  [Log] X 
2019-03-18 16:05:41,087 INFO  [Log] X 
2019-03-18 16:05:41,087 INFO  [Log] X 
2019-03-18 16:05:41,087 INFO  [Log] X 
2019-03-18 16:05:41,097 INFO  [Log] **************************************************************************************** 
2019-03-18 16:05:41,097 INFO  [Log] **************************************************************************************** 
2019-03-18 16:05:41,097 INFO  [Log] $$$$$$$$$$$$$$$$$$$$$                 Add Customer Functionality       $$$$$$$$$$$$$$$$$$$$$$$$$ 
2019-03-18 16:05:41,097 INFO  [Log] **************************************************************************************** 
2019-03-18 16:05:41,097 INFO  [Log] **************************************************************************************** 
2019-03-18 16:05:41,097 INFO  [Log] Calling the Add customer function 
2019-03-18 16:05:41,097 INFO  [Log] User is logged in.. Adding a customer... 
2019-03-18 16:05:42,006 INFO  [Log] Add new customer link is found and clicked 
2019-03-18 16:05:42,035 INFO  [Log] System redirected to the add new customer page 
2019-03-18 16:05:42,071 INFO  [Log] Entering the customer details 
2019-03-18 16:05:42,175 INFO  [Log] Customer name textbox is found and customer name is entered 
2019-03-18 16:05:42,245 INFO  [Log] Male Radio button is found and checked 
2019-03-18 16:05:42,363 INFO  [Log] DOB element is found and the data is entered 
2019-03-18 16:05:42,502 INFO  [Log] Address text box is found and the address is entered 
2019-03-18 16:05:42,592 INFO  [Log] City text box is found and the details are entered 
2019-03-18 16:05:42,698 INFO  [Log] State text box is found and the details are entered 
2019-03-18 16:05:42,783 INFO  [Log] Pin NO text box is found and the details are entered 
2019-03-18 16:05:42,885 INFO  [Log] Phone No text box is found and the details are entered 
2019-03-18 16:05:43,049 INFO  [Log] Email text box is found and the details are entered 
2019-03-18 16:05:43,133 INFO  [Log] Password text box is found and the details are entered 
2019-03-18 16:05:43,437 INFO  [Log] Screenshot captured after entering the customer details 
2019-03-18 16:05:44,104 INFO  [Log] Submit button found and clicked 
2019-03-18 16:05:44,107 WARN  [Log] Browser alert found.. please recheck the customer details and enter it again 
2019-03-18 16:05:44,118 ERROR [Log] Email Address Already Exist !! 
2019-03-18 16:05:44,128 INFO  [Log] Writing the customer ID back to the excel file 
2019-03-18 16:05:44,342 INFO  [Log] XXXXXXXXXXXXXXXXXXXXXXX             -E---N---D-             XXXXXXXXXXXXXXXXXXXXXX 
2019-03-18 16:05:44,342 INFO  [Log] X 
2019-03-18 16:05:44,342 INFO  [Log] X 
2019-03-18 16:05:44,342 INFO  [Log] X 
2019-03-18 16:05:44,342 INFO  [Log] X 
2019-03-18 16:05:44,346 INFO  [Log] **************************************************************************************** 
2019-03-18 16:05:44,346 INFO  [Log] **************************************************************************************** 
2019-03-18 16:05:44,346 INFO  [Log] $$$$$$$$$$$$$$$$$$$$$                 Add Customer Functionality       $$$$$$$$$$$$$$$$$$$$$$$$$ 
2019-03-18 16:05:44,347 INFO  [Log] **************************************************************************************** 
2019-03-18 16:05:44,347 INFO  [Log] **************************************************************************************** 
2019-03-18 16:05:44,347 INFO  [Log] Calling the Add customer function 
2019-03-18 16:05:44,347 INFO  [Log] User is logged in.. Adding a customer... 
2019-03-18 16:05:44,713 INFO  [Log] Add new customer link is found and clicked 
2019-03-18 16:05:44,728 INFO  [Log] System redirected to the add new customer page 
2019-03-18 16:05:44,755 INFO  [Log] Entering the customer details 
2019-03-18 16:05:44,872 INFO  [Log] Customer name textbox is found and customer name is entered 
2019-03-18 16:05:44,948 INFO  [Log] Female Radio button is found and checked 
2019-03-18 16:05:45,045 INFO  [Log] DOB element is found and the data is entered 
2019-03-18 16:05:45,189 INFO  [Log] Address text box is found and the address is entered 
2019-03-18 16:05:45,274 INFO  [Log] City text box is found and the details are entered 
2019-03-18 16:05:45,366 INFO  [Log] State text box is found and the details are entered 
2019-03-18 16:05:45,441 INFO  [Log] Pin NO text box is found and the details are entered 
2019-03-18 16:05:45,529 INFO  [Log] Phone No text box is found and the details are entered 
2019-03-18 16:05:45,704 INFO  [Log] Email text box is found and the details are entered 
2019-03-18 16:05:45,779 INFO  [Log] Password text box is found and the details are entered 
2019-03-18 16:05:46,089 INFO  [Log] Screenshot captured after entering the customer details 
2019-03-18 16:05:46,476 INFO  [Log] Submit button found and clicked 
2019-03-18 16:05:46,480 WARN  [Log] Browser alert found.. please recheck the customer details and enter it again 
2019-03-18 16:05:46,489 ERROR [Log] Email Address Already Exist !! 
2019-03-18 16:05:46,502 INFO  [Log] Writing the customer ID back to the excel file 
2019-03-18 16:05:46,558 INFO  [Log] XXXXXXXXXXXXXXXXXXXXXXX             -E---N---D-             XXXXXXXXXXXXXXXXXXXXXX 
2019-03-18 16:05:46,558 INFO  [Log] X 
2019-03-18 16:05:46,558 INFO  [Log] X 
2019-03-18 16:05:46,559 INFO  [Log] X 
2019-03-18 16:05:46,559 INFO  [Log] X 
2019-03-18 16:05:46,569 INFO  [Log] **************************************************************************************** 
2019-03-18 16:05:46,569 INFO  [Log] **************************************************************************************** 
2019-03-18 16:05:46,569 INFO  [Log] $$$$$$$$$$$$$$$$$$$$$                 Add Account Functionality       $$$$$$$$$$$$$$$$$$$$$$$$$ 
2019-03-18 16:05:46,569 INFO  [Log] **************************************************************************************** 
2019-03-18 16:05:46,569 INFO  [Log] **************************************************************************************** 
2019-03-18 16:05:46,569 INFO  [Log] Calling the add account function 
2019-03-18 16:05:46,569 INFO  [Log] Writing the account no to the excel file 
2019-03-18 16:05:46,618 INFO  [Log] XXXXXXXXXXXXXXXXXXXXXXX             -E---N---D-             XXXXXXXXXXXXXXXXXXXXXX 
2019-03-18 16:05:46,619 INFO  [Log] X 
2019-03-18 16:05:46,619 INFO  [Log] X 
2019-03-18 16:05:46,619 INFO  [Log] X 
2019-03-18 16:05:46,619 INFO  [Log] X 
2019-03-18 16:05:46,629 INFO  [Log] **************************************************************************************** 
2019-03-18 16:05:46,629 INFO  [Log] **************************************************************************************** 
2019-03-18 16:05:46,629 INFO  [Log] $$$$$$$$$$$$$$$$$$$$$                 Add Account Functionality       $$$$$$$$$$$$$$$$$$$$$$$$$ 
2019-03-18 16:05:46,629 INFO  [Log] **************************************************************************************** 
2019-03-18 16:05:46,630 INFO  [Log] **************************************************************************************** 
2019-03-18 16:05:46,630 INFO  [Log] Calling the add account function 
2019-03-18 16:05:46,630 INFO  [Log] Writing the account no to the excel file 
2019-03-18 16:05:46,681 INFO  [Log] XXXXXXXXXXXXXXXXXXXXXXX             -E---N---D-             XXXXXXXXXXXXXXXXXXXXXX 
2019-03-18 16:05:46,682 INFO  [Log] X 
2019-03-18 16:05:46,682 INFO  [Log] X 
2019-03-18 16:05:46,682 INFO  [Log] X 
2019-03-18 16:05:46,682 INFO  [Log] X 
2019-03-18 16:05:46,691 INFO  [Log] **************************************************************************************** 
2019-03-18 16:05:46,691 INFO  [Log] **************************************************************************************** 
2019-03-18 16:05:46,691 INFO  [Log] $$$$$$$$$$$$$$$$$$$$$                 Edit Customer Information Test Case       $$$$$$$$$$$$$$$$$$$$$$$$$ 
2019-03-18 16:05:46,691 INFO  [Log] **************************************************************************************** 
2019-03-18 16:05:46,691 INFO  [Log] **************************************************************************************** 
2019-03-18 16:05:46,691 INFO  [Log] Calling the Edit Customer Function 
2019-03-18 16:05:46,691 INFO  [Log] Manager is logged in .. Edit customer is possible 
2019-03-18 16:05:47,465 INFO  [Log] Edit Customer button is found and the details are entered 
2019-03-18 16:05:47,553 INFO  [Log] Customer ID test box is found and the details are entered 
2019-03-18 16:05:47,623 INFO  [Log] Submit Button is found and clicked 
2019-03-18 16:05:57,701 INFO  [Log] **************************************************************************************** 
2019-03-18 16:05:57,701 INFO  [Log] **************************************************************************************** 
2019-03-18 16:05:57,701 INFO  [Log] $$$$$$$$$$$$$$$$$$$$$                 Edit Customer Information Test Case       $$$$$$$$$$$$$$$$$$$$$$$$$ 
2019-03-18 16:05:57,701 INFO  [Log] **************************************************************************************** 
2019-03-18 16:05:57,701 INFO  [Log] **************************************************************************************** 
2019-03-18 16:05:57,701 INFO  [Log] Calling the Edit Customer Function 
2019-03-18 16:05:57,701 INFO  [Log] Manager is logged in .. Edit customer is possible 
2019-03-18 16:05:58,315 INFO  [Log] Edit Customer button is found and the details are entered 
2019-03-18 16:05:58,394 INFO  [Log] Customer ID test box is found and the details are entered 
2019-03-18 16:05:58,474 INFO  [Log] Submit Button is found and clicked 
2019-03-18 16:06:08,533 INFO  [Log] **************************************************************************************** 
2019-03-18 16:06:08,533 INFO  [Log] **************************************************************************************** 
2019-03-18 16:06:08,535 INFO  [Log] $$$$$$$$$$$$$$$$$$$$$                 Logout Functionality       $$$$$$$$$$$$$$$$$$$$$$$$$ 
2019-03-18 16:06:08,535 INFO  [Log] **************************************************************************************** 
2019-03-18 16:06:08,535 INFO  [Log] **************************************************************************************** 
2019-03-18 16:06:08,535 INFO  [Log] Calling the logout function 
2019-03-18 16:06:08,535 INFO  [Log] User is logged in so logout is possible ...  
2019-03-18 16:06:08,814 INFO  [Log] Screenshot captured before logging out 
2019-03-18 16:06:09,691 INFO  [Log] Alert after logout is accepted 
2019-03-18 16:06:09,691 INFO  [Log] XXXXXXXXXXXXXXXXXXXXXXX             -E---N---D-             XXXXXXXXXXXXXXXXXXXXXX 
2019-03-18 16:06:09,691 INFO  [Log] X 
2019-03-18 16:06:09,691 INFO  [Log] X 
2019-03-18 16:06:09,691 INFO  [Log] X 
2019-03-18 16:06:09,691 INFO  [Log] X 
2019-03-18 16:06:10,534 INFO  [Log] XXXXXXXXXXXXXXXXXXXXXXX             -E---N---D-             XXXXXXXXXXXXXXXXXXXXXX 
2019-03-18 16:06:10,534 INFO  [Log] X 
2019-03-18 16:06:10,534 INFO  [Log] X 
2019-03-18 16:06:10,534 INFO  [Log] X 
2019-03-18 16:06:10,534 INFO  [Log] X 
2019-03-18 16:07:48,348 INFO  [Log] Browser is specified 
2019-03-18 16:07:48,349 INFO  [Log] Browser launched 
2019-03-18 16:07:53,605 INFO  [Log] Browser window is maximized 
2019-03-18 16:07:58,227 INFO  [Log] Launched the application under test 
2019-03-18 16:07:59,216 INFO  [Log] **************************************************************************************** 
2019-03-18 16:07:59,216 INFO  [Log] **************************************************************************************** 
2019-03-18 16:07:59,216 INFO  [Log] $$$$$$$$$$$$$$$$$$$$$                 Bank Login Functionality       $$$$$$$$$$$$$$$$$$$$$$$$$ 
2019-03-18 16:07:59,216 INFO  [Log] **************************************************************************************** 
2019-03-18 16:07:59,222 INFO  [Log] **************************************************************************************** 
2019-03-18 16:07:59,222 INFO  [Log] Calling the login function 
2019-03-18 16:07:59,283 INFO  [Log] Page is loaded. Login Button found. Proceeding further... 
2019-03-18 16:07:59,462 INFO  [Log] Username textbox found and the username is entered as :mngr182546 
2019-03-18 16:07:59,587 INFO  [Log] Password textbox found and the password is entered 
2019-03-18 16:07:59,936 INFO  [Log] Screenshot is captured after entering the username and password 
2019-03-18 16:08:01,201 INFO  [Log] Login button is found and clicked 
2019-03-18 16:08:11,321 INFO  [Log] Login is successful 
2019-03-18 16:08:11,755 INFO  [Log] Screenshot is captured after logging in.. 
2019-03-18 16:08:11,755 INFO  [Log] XXXXXXXXXXXXXXXXXXXXXXX             -E---N---D-             XXXXXXXXXXXXXXXXXXXXXX 
2019-03-18 16:08:11,755 INFO  [Log] X 
2019-03-18 16:08:11,755 INFO  [Log] X 
2019-03-18 16:08:11,755 INFO  [Log] X 
2019-03-18 16:08:11,755 INFO  [Log] X 
2019-03-18 16:08:11,768 INFO  [Log] **************************************************************************************** 
2019-03-18 16:08:11,769 INFO  [Log] **************************************************************************************** 
2019-03-18 16:08:11,769 INFO  [Log] $$$$$$$$$$$$$$$$$$$$$                 Add Customer Functionality       $$$$$$$$$$$$$$$$$$$$$$$$$ 
2019-03-18 16:08:11,769 INFO  [Log] **************************************************************************************** 
2019-03-18 16:08:11,769 INFO  [Log] **************************************************************************************** 
2019-03-18 16:08:11,769 INFO  [Log] Calling the Add customer function 
2019-03-18 16:08:11,769 INFO  [Log] User is logged in.. Adding a customer... 
2019-03-18 16:08:12,595 INFO  [Log] Add new customer link is found and clicked 
2019-03-18 16:08:12,624 INFO  [Log] System redirected to the add new customer page 
2019-03-18 16:08:12,672 INFO  [Log] Entering the customer details 
2019-03-18 16:08:12,787 INFO  [Log] Customer name textbox is found and customer name is entered 
2019-03-18 16:08:12,856 INFO  [Log] Male Radio button is found and checked 
2019-03-18 16:08:12,968 INFO  [Log] DOB element is found and the data is entered 
2019-03-18 16:08:13,118 INFO  [Log] Address text box is found and the address is entered 
2019-03-18 16:08:13,209 INFO  [Log] City text box is found and the details are entered 
2019-03-18 16:08:13,304 INFO  [Log] State text box is found and the details are entered 
2019-03-18 16:08:13,396 INFO  [Log] Pin NO text box is found and the details are entered 
2019-03-18 16:08:13,498 INFO  [Log] Phone No text box is found and the details are entered 
2019-03-18 16:08:13,665 INFO  [Log] Email text box is found and the details are entered 
2019-03-18 16:08:13,750 INFO  [Log] Password text box is found and the details are entered 
2019-03-18 16:08:14,071 INFO  [Log] Screenshot captured after entering the customer details 
2019-03-18 16:08:15,717 INFO  [Log] Submit button found and clicked 
2019-03-18 16:08:25,991 INFO  [Log] Customer added successfully 
2019-03-18 16:08:26,268 INFO  [Log] Screenshot captured with the cust ID 
2019-03-18 16:08:27,310 INFO  [Log] Continue button found after adding the customer and clicked 
2019-03-18 16:08:27,310 INFO  [Log] Writing the customer ID back to the excel file 
2019-03-18 16:08:27,477 INFO  [Log] XXXXXXXXXXXXXXXXXXXXXXX             -E---N---D-             XXXXXXXXXXXXXXXXXXXXXX 
2019-03-18 16:08:27,477 INFO  [Log] X 
2019-03-18 16:08:27,477 INFO  [Log] X 
2019-03-18 16:08:27,477 INFO  [Log] X 
2019-03-18 16:08:27,477 INFO  [Log] X 
2019-03-18 16:08:27,482 INFO  [Log] **************************************************************************************** 
2019-03-18 16:08:27,484 INFO  [Log] **************************************************************************************** 
2019-03-18 16:08:27,484 INFO  [Log] $$$$$$$$$$$$$$$$$$$$$                 Add Customer Functionality       $$$$$$$$$$$$$$$$$$$$$$$$$ 
2019-03-18 16:08:27,484 INFO  [Log] **************************************************************************************** 
2019-03-18 16:08:27,484 INFO  [Log] **************************************************************************************** 
2019-03-18 16:08:27,484 INFO  [Log] Calling the Add customer function 
2019-03-18 16:08:27,484 INFO  [Log] User is logged in.. Adding a customer... 
2019-03-18 16:08:27,814 INFO  [Log] Add new customer link is found and clicked 
2019-03-18 16:08:27,838 INFO  [Log] System redirected to the add new customer page 
2019-03-18 16:08:27,872 INFO  [Log] Entering the customer details 
2019-03-18 16:08:27,983 INFO  [Log] Customer name textbox is found and customer name is entered 
2019-03-18 16:08:28,060 INFO  [Log] Female Radio button is found and checked 
2019-03-18 16:08:28,158 INFO  [Log] DOB element is found and the data is entered 
2019-03-18 16:08:28,295 INFO  [Log] Address text box is found and the address is entered 
2019-03-18 16:08:28,419 INFO  [Log] City text box is found and the details are entered 
2019-03-18 16:08:28,553 INFO  [Log] State text box is found and the details are entered 
2019-03-18 16:08:28,646 INFO  [Log] Pin NO text box is found and the details are entered 
2019-03-18 16:08:28,744 INFO  [Log] Phone No text box is found and the details are entered 
2019-03-18 16:08:28,903 INFO  [Log] Email text box is found and the details are entered 
2019-03-18 16:08:28,985 INFO  [Log] Password text box is found and the details are entered 
2019-03-18 16:08:29,312 INFO  [Log] Screenshot captured after entering the customer details 
2019-03-18 16:08:30,467 INFO  [Log] Submit button found and clicked 
2019-03-18 16:08:40,739 INFO  [Log] Customer added successfully 
2019-03-18 16:08:41,019 INFO  [Log] Screenshot captured with the cust ID 
2019-03-18 16:08:41,910 INFO  [Log] Continue button found after adding the customer and clicked 
2019-03-18 16:08:41,910 INFO  [Log] Writing the customer ID back to the excel file 
2019-03-18 16:08:41,960 INFO  [Log] XXXXXXXXXXXXXXXXXXXXXXX             -E---N---D-             XXXXXXXXXXXXXXXXXXXXXX 
2019-03-18 16:08:41,960 INFO  [Log] X 
2019-03-18 16:08:41,960 INFO  [Log] X 
2019-03-18 16:08:41,960 INFO  [Log] X 
2019-03-18 16:08:41,960 INFO  [Log] X 
2019-03-18 16:08:41,964 INFO  [Log] **************************************************************************************** 
2019-03-18 16:08:41,964 INFO  [Log] **************************************************************************************** 
2019-03-18 16:08:41,964 INFO  [Log] $$$$$$$$$$$$$$$$$$$$$                 Add Account Functionality       $$$$$$$$$$$$$$$$$$$$$$$$$ 
2019-03-18 16:08:41,964 INFO  [Log] **************************************************************************************** 
2019-03-18 16:08:41,964 INFO  [Log] **************************************************************************************** 
2019-03-18 16:08:41,964 INFO  [Log] Calling the add account function 
2019-03-18 16:08:41,964 INFO  [Log] Creating an account for the customer added 
2019-03-18 16:08:42,520 INFO  [Log] Clicking on the New Account link on the Bank Manager home page 
2019-03-18 16:08:42,641 INFO  [Log] Customer ID element is found and the details are entered 
2019-03-18 16:08:42,744 INFO  [Log] Acc type dropdown elementis found and a type is selected 
2019-03-18 16:08:42,829 INFO  [Log] Initial deposit element is found and the details are entered 
2019-03-18 16:08:43,726 INFO  [Log] Submit button is found and clicked 
2019-03-18 16:08:53,985 INFO  [Log] Customer Account created successfully 
2019-03-18 16:08:54,927 INFO  [Log] Clicking on the continue button after adding an account 
2019-03-18 16:08:54,928 INFO  [Log] Writing the account no to the excel file 
2019-03-18 16:08:54,966 INFO  [Log] XXXXXXXXXXXXXXXXXXXXXXX             -E---N---D-             XXXXXXXXXXXXXXXXXXXXXX 
2019-03-18 16:08:54,966 INFO  [Log] X 
2019-03-18 16:08:54,966 INFO  [Log] X 
2019-03-18 16:08:54,966 INFO  [Log] X 
2019-03-18 16:08:54,966 INFO  [Log] X 
2019-03-18 16:08:54,974 INFO  [Log] **************************************************************************************** 
2019-03-18 16:08:54,974 INFO  [Log] **************************************************************************************** 
2019-03-18 16:08:54,975 INFO  [Log] $$$$$$$$$$$$$$$$$$$$$                 Add Account Functionality       $$$$$$$$$$$$$$$$$$$$$$$$$ 
2019-03-18 16:08:54,975 INFO  [Log] **************************************************************************************** 
2019-03-18 16:08:54,975 INFO  [Log] **************************************************************************************** 
2019-03-18 16:08:54,975 INFO  [Log] Calling the add account function 
2019-03-18 16:08:54,975 INFO  [Log] Creating an account for the customer added 
2019-03-18 16:08:55,314 INFO  [Log] Clicking on the New Account link on the Bank Manager home page 
2019-03-18 16:08:55,407 INFO  [Log] Customer ID element is found and the details are entered 
2019-03-18 16:08:55,492 INFO  [Log] Acc type dropdown elementis found and a type is selected 
2019-03-18 16:08:55,566 INFO  [Log] Initial deposit element is found and the details are entered 
2019-03-18 16:08:56,581 INFO  [Log] Submit button is found and clicked 
2019-03-18 16:09:06,853 INFO  [Log] Customer Account created successfully 
2019-03-18 16:09:07,757 INFO  [Log] Clicking on the continue button after adding an account 
2019-03-18 16:09:07,758 INFO  [Log] Writing the account no to the excel file 
2019-03-18 16:09:07,797 INFO  [Log] XXXXXXXXXXXXXXXXXXXXXXX             -E---N---D-             XXXXXXXXXXXXXXXXXXXXXX 
2019-03-18 16:09:07,797 INFO  [Log] X 
2019-03-18 16:09:07,797 INFO  [Log] X 
2019-03-18 16:09:07,797 INFO  [Log] X 
2019-03-18 16:09:07,797 INFO  [Log] X 
2019-03-18 16:09:07,808 INFO  [Log] **************************************************************************************** 
2019-03-18 16:09:07,808 INFO  [Log] **************************************************************************************** 
2019-03-18 16:09:07,809 INFO  [Log] $$$$$$$$$$$$$$$$$$$$$                 Edit Customer Information Test Case       $$$$$$$$$$$$$$$$$$$$$$$$$ 
2019-03-18 16:09:07,809 INFO  [Log] **************************************************************************************** 
2019-03-18 16:09:07,810 INFO  [Log] **************************************************************************************** 
2019-03-18 16:09:07,810 INFO  [Log] Calling the Edit Customer Function 
2019-03-18 16:09:07,810 INFO  [Log] Manager is logged in .. Edit customer is possible 
2019-03-18 16:09:08,437 INFO  [Log] Edit Customer button is found and the details are entered 
2019-03-18 16:09:08,537 INFO  [Log] Customer ID test box is found and the details are entered 
2019-03-18 16:09:09,185 INFO  [Log] Submit Button is found and clicked 
2019-03-18 16:09:09,250 INFO  [Log] Phone number field is found and the data is cleared 
2019-03-18 16:09:09,346 INFO  [Log] Changing the phone number... Phone number element is found and details are entered 
2019-03-18 16:09:10,226 INFO  [Log] Submit button is found and clicked 
2019-03-18 16:09:10,269 INFO  [Log] Customer details are updated successfully!!! 
2019-03-18 16:09:10,886 INFO  [Log] Continue button is found and clicked!!! 
2019-03-18 16:09:10,886 INFO  [Log] XXXXXXXXXXXXXXXXXXXXXXX             -E---N---D-             XXXXXXXXXXXXXXXXXXXXXX 
2019-03-18 16:09:10,886 INFO  [Log] X 
2019-03-18 16:09:10,886 INFO  [Log] X 
2019-03-18 16:09:10,886 INFO  [Log] X 
2019-03-18 16:09:10,886 INFO  [Log] X 
2019-03-18 16:09:10,889 INFO  [Log] **************************************************************************************** 
2019-03-18 16:09:10,889 INFO  [Log] **************************************************************************************** 
2019-03-18 16:09:10,889 INFO  [Log] $$$$$$$$$$$$$$$$$$$$$                 Edit Customer Information Test Case       $$$$$$$$$$$$$$$$$$$$$$$$$ 
2019-03-18 16:09:10,890 INFO  [Log] **************************************************************************************** 
2019-03-18 16:09:10,890 INFO  [Log] **************************************************************************************** 
2019-03-18 16:09:10,890 INFO  [Log] Calling the Edit Customer Function 
2019-03-18 16:09:10,890 INFO  [Log] Manager is logged in .. Edit customer is possible 
2019-03-18 16:09:11,286 INFO  [Log] Edit Customer button is found and the details are entered 
2019-03-18 16:09:11,378 INFO  [Log] Customer ID test box is found and the details are entered 
2019-03-18 16:09:12,010 INFO  [Log] Submit Button is found and clicked 
2019-03-18 16:09:12,073 INFO  [Log] Phone number field is found and the data is cleared 
2019-03-18 16:09:12,166 INFO  [Log] Changing the phone number... Phone number element is found and details are entered 
2019-03-18 16:09:13,039 INFO  [Log] Submit button is found and clicked 
2019-03-18 16:09:13,083 INFO  [Log] Customer details are updated successfully!!! 
2019-03-18 16:09:13,614 INFO  [Log] Continue button is found and clicked!!! 
2019-03-18 16:09:13,614 INFO  [Log] XXXXXXXXXXXXXXXXXXXXXXX             -E---N---D-             XXXXXXXXXXXXXXXXXXXXXX 
2019-03-18 16:09:13,614 INFO  [Log] X 
2019-03-18 16:09:13,614 INFO  [Log] X 
2019-03-18 16:09:13,614 INFO  [Log] X 
2019-03-18 16:09:13,614 INFO  [Log] X 
2019-03-18 16:09:13,617 INFO  [Log] **************************************************************************************** 
2019-03-18 16:09:13,617 INFO  [Log] **************************************************************************************** 
2019-03-18 16:09:13,617 INFO  [Log] $$$$$$$$$$$$$$$$$$$$$                 Logout Functionality       $$$$$$$$$$$$$$$$$$$$$$$$$ 
2019-03-18 16:09:13,617 INFO  [Log] **************************************************************************************** 
2019-03-18 16:09:13,617 INFO  [Log] **************************************************************************************** 
2019-03-18 16:09:13,617 INFO  [Log] Calling the logout function 
2019-03-18 16:09:13,617 INFO  [Log] User is logged in so logout is possible ...  
2019-03-18 16:09:13,932 INFO  [Log] Screenshot captured before logging out 
2019-03-18 16:09:14,534 INFO  [Log] Alert after logout is accepted 
2019-03-18 16:09:14,534 INFO  [Log] XXXXXXXXXXXXXXXXXXXXXXX             -E---N---D-             XXXXXXXXXXXXXXXXXXXXXX 
2019-03-18 16:09:14,534 INFO  [Log] X 
2019-03-18 16:09:14,534 INFO  [Log] X 
2019-03-18 16:09:14,535 INFO  [Log] X 
2019-03-18 16:09:14,535 INFO  [Log] X 
2019-03-18 16:09:15,365 INFO  [Log] XXXXXXXXXXXXXXXXXXXXXXX             -E---N---D-             XXXXXXXXXXXXXXXXXXXXXX 
2019-03-18 16:09:15,365 INFO  [Log] X 
2019-03-18 16:09:15,365 INFO  [Log] X 
2019-03-18 16:09:15,365 INFO  [Log] X 
2019-03-18 16:09:15,365 INFO  [Log] X 
